<?xml version="1.0" encoding="UTF-8" ?>
<testsuite tests="6" failures="0" name="Test_mybatis" time="0.456" errors="0" skipped="0">
  <properties>
[...]
</properties>
  <testcase classname="Test_mybatis" name="selectById" time="0.373"/>
  <testcase classname="Test_mybatis" name="selectLike" time="0.018"/>
  <testcase classname="Test_mybatis" name="addUser" time="0.02"/>
  <testcase classname="Test_mybatis" name="findAll" time="0.016"/>
  <testcase classname="Test_mybatis" name="update" time="0.017"/>
  <testcase classname="Test_mybatis" name="del" time="0.012"/>
</testsuite>